0 info it worked if it ends with ok
1 verbose cli [ 'node',
1 verbose cli   '/Users/Lauren/.nvm/v0.10.31/bin/npm',
1 verbose cli   'install',
1 verbose cli   '-g',
1 verbose cli   'grunt-cli' ]
2 info using npm@3.8.6
3 info using node@v0.10.31
4 silly loadCurrentTree Starting
5 silly install loadCurrentTree
6 silly install readGlobalPackageData
7 silly fetchPackageMetaData grunt-cli
8 silly fetchNamedPackageData grunt-cli
9 silly mapToRegistry name grunt-cli
10 silly mapToRegistry using default registry
11 silly mapToRegistry registry https://registry.npmjs.org/
12 silly mapToRegistry data { raw: 'grunt-cli',
12 silly mapToRegistry   scope: null,
12 silly mapToRegistry   name: 'grunt-cli',
12 silly mapToRegistry   rawSpec: '',
12 silly mapToRegistry   spec: 'latest',
12 silly mapToRegistry   type: 'tag' }
13 silly mapToRegistry uri https://registry.npmjs.org/grunt-cli
14 verbose request uri https://registry.npmjs.org/grunt-cli
15 verbose request no auth needed
16 info attempt registry request try #1 at 12:39:54
17 verbose request id be8e588a7f28b503
18 verbose etag "5KPSM8IYFLATY7HJN9IZRFKQS"
19 http request GET https://registry.npmjs.org/grunt-cli
20 http 304 https://registry.npmjs.org/grunt-cli
21 verbose headers { date: 'Sun, 10 Apr 2016 16:39:55 GMT',
21 verbose headers   via: '1.1 varnish',
21 verbose headers   'cache-control': 'max-age=300',
21 verbose headers   etag: '"5KPSM8IYFLATY7HJN9IZRFKQS"',
21 verbose headers   age: '217',
21 verbose headers   connection: 'keep-alive',
21 verbose headers   'x-served-by': 'cache-atl6237-ATL',
21 verbose headers   'x-cache': 'HIT',
21 verbose headers   'x-cache-hits': '2',
21 verbose headers   'x-timer': 'S1460306395.518267,VS0,VE0',
21 verbose headers   vary: 'Accept-Encoding' }
22 silly get cb [ 304,
22 silly get   { date: 'Sun, 10 Apr 2016 16:39:55 GMT',
22 silly get     via: '1.1 varnish',
22 silly get     'cache-control': 'max-age=300',
22 silly get     etag: '"5KPSM8IYFLATY7HJN9IZRFKQS"',
22 silly get     age: '217',
22 silly get     connection: 'keep-alive',
22 silly get     'x-served-by': 'cache-atl6237-ATL',
22 silly get     'x-cache': 'HIT',
22 silly get     'x-cache-hits': '2',
22 silly get     'x-timer': 'S1460306395.518267,VS0,VE0',
22 silly get     vary: 'Accept-Encoding' } ]
23 verbose etag https://registry.npmjs.org/grunt-cli from cache
24 verbose get saving grunt-cli to /Users/Lauren/.npm/registry.npmjs.org/grunt-cli/.cache.json
25 verbose correctMkdir /Users/Lauren/.npm correctMkdir not in flight; initializing
26 silly install normalizeTree
27 silly loadCurrentTree Finishing
28 silly loadIdealTree Starting
29 silly install loadIdealTree
30 silly cloneCurrentTree Starting
31 silly install cloneCurrentTreeToIdealTree
32 silly cloneCurrentTree Finishing
33 silly loadShrinkwrap Starting
34 silly install loadShrinkwrap
35 silly loadShrinkwrap Finishing
36 silly loadAllDepsIntoIdealTree Starting
37 silly install loadAllDepsIntoIdealTree
38 silly resolveWithNewModule grunt-cli@1.2.0 checking installable status
39 silly cache add args [ 'grunt-cli', null ]
40 verbose cache add spec grunt-cli
41 silly cache add parsed spec { raw: 'grunt-cli',
41 silly cache add   scope: null,
41 silly cache add   name: 'grunt-cli',
41 silly cache add   rawSpec: '',
41 silly cache add   spec: 'latest',
41 silly cache add   type: 'tag' }
42 silly addNamed grunt-cli@latest
43 verbose addNamed "latest" is being treated as a dist-tag for grunt-cli
44 info addNameTag [ 'grunt-cli', 'latest' ]
45 silly mapToRegistry name grunt-cli
46 silly mapToRegistry using default registry
47 silly mapToRegistry registry https://registry.npmjs.org/
48 silly mapToRegistry data { raw: 'grunt-cli',
48 silly mapToRegistry   scope: null,
48 silly mapToRegistry   name: 'grunt-cli',
48 silly mapToRegistry   rawSpec: '',
48 silly mapToRegistry   spec: 'latest',
48 silly mapToRegistry   type: 'tag' }
49 silly mapToRegistry uri https://registry.npmjs.org/grunt-cli
50 verbose addNameTag registry:https://registry.npmjs.org/grunt-cli not in flight; fetching
51 verbose get https://registry.npmjs.org/grunt-cli not expired, no request
52 silly addNameTag next cb for grunt-cli with tag latest
53 silly addNamed grunt-cli@1.2.0
54 verbose addNamed "1.2.0" is a plain semver version for grunt-cli
55 silly cache afterAdd grunt-cli@1.2.0
56 verbose afterAdd /Users/Lauren/.npm/grunt-cli/1.2.0/package/package.json not in flight; writing
57 verbose correctMkdir /Users/Lauren/.npm correctMkdir not in flight; initializing
58 verbose afterAdd /Users/Lauren/.npm/grunt-cli/1.2.0/package/package.json written
59 silly fetchNamedPackageData findup-sync
60 silly mapToRegistry name findup-sync
61 silly mapToRegistry using default registry
62 silly mapToRegistry registry https://registry.npmjs.org/
63 silly mapToRegistry data { raw: 'findup-sync',
63 silly mapToRegistry   scope: null,
63 silly mapToRegistry   name: 'findup-sync',
63 silly mapToRegistry   rawSpec: '',
63 silly mapToRegistry   spec: 'latest',
63 silly mapToRegistry   type: 'tag' }
64 silly mapToRegistry uri https://registry.npmjs.org/findup-sync
65 silly fetchNamedPackageData grunt-known-options
66 silly mapToRegistry name grunt-known-options
67 silly mapToRegistry using default registry
68 silly mapToRegistry registry https://registry.npmjs.org/
69 silly mapToRegistry data { raw: 'grunt-known-options',
69 silly mapToRegistry   scope: null,
69 silly mapToRegistry   name: 'grunt-known-options',
69 silly mapToRegistry   rawSpec: '',
69 silly mapToRegistry   spec: 'latest',
69 silly mapToRegistry   type: 'tag' }
70 silly mapToRegistry uri https://registry.npmjs.org/grunt-known-options
71 silly fetchNamedPackageData nopt
72 silly mapToRegistry name nopt
73 silly mapToRegistry using default registry
74 silly mapToRegistry registry https://registry.npmjs.org/
75 silly mapToRegistry data { raw: 'nopt',
75 silly mapToRegistry   scope: null,
75 silly mapToRegistry   name: 'nopt',
75 silly mapToRegistry   rawSpec: '',
75 silly mapToRegistry   spec: 'latest',
75 silly mapToRegistry   type: 'tag' }
76 silly mapToRegistry uri https://registry.npmjs.org/nopt
77 silly fetchNamedPackageData resolve
78 silly mapToRegistry name resolve
79 silly mapToRegistry using default registry
80 silly mapToRegistry registry https://registry.npmjs.org/
81 silly mapToRegistry data { raw: 'resolve',
81 silly mapToRegistry   scope: null,
81 silly mapToRegistry   name: 'resolve',
81 silly mapToRegistry   rawSpec: '',
81 silly mapToRegistry   spec: 'latest',
81 silly mapToRegistry   type: 'tag' }
82 silly mapToRegistry uri https://registry.npmjs.org/resolve
83 verbose request uri https://registry.npmjs.org/findup-sync
84 verbose request no auth needed
85 info attempt registry request try #1 at 12:39:55
86 verbose etag "4S5CBZ0YUI1W851IGI9SZSK2N"
87 http request GET https://registry.npmjs.org/findup-sync
88 verbose request uri https://registry.npmjs.org/grunt-known-options
89 verbose request no auth needed
90 info attempt registry request try #1 at 12:39:55
91 verbose etag "7QSNI1GHSQUPUZPXA2OGSKIJS"
92 http request GET https://registry.npmjs.org/grunt-known-options
93 verbose request uri https://registry.npmjs.org/nopt
94 verbose request no auth needed
95 info attempt registry request try #1 at 12:39:55
96 verbose etag "53NWQ6XY2NLAFB30G2E3W8W60"
97 http request GET https://registry.npmjs.org/nopt
98 verbose request uri https://registry.npmjs.org/resolve
99 verbose request no auth needed
100 info attempt registry request try #1 at 12:39:55
101 verbose etag "JRYGJUMH9LKT7TX2IWA5N8VJ"
102 http request GET https://registry.npmjs.org/resolve
103 http 304 https://registry.npmjs.org/findup-sync
104 verbose headers { date: 'Sun, 10 Apr 2016 16:39:55 GMT',
104 verbose headers   via: '1.1 varnish',
104 verbose headers   'cache-control': 'max-age=300',
104 verbose headers   etag: '"4S5CBZ0YUI1W851IGI9SZSK2N"',
104 verbose headers   age: '91',
104 verbose headers   connection: 'keep-alive',
104 verbose headers   'x-served-by': 'cache-atl6249-ATL',
104 verbose headers   'x-cache': 'HIT',
104 verbose headers   'x-cache-hits': '2',
104 verbose headers   'x-timer': 'S1460306395.976425,VS0,VE0',
104 verbose headers   vary: 'Accept-Encoding' }
105 silly get cb [ 304,
105 silly get   { date: 'Sun, 10 Apr 2016 16:39:55 GMT',
105 silly get     via: '1.1 varnish',
105 silly get     'cache-control': 'max-age=300',
105 silly get     etag: '"4S5CBZ0YUI1W851IGI9SZSK2N"',
105 silly get     age: '91',
105 silly get     connection: 'keep-alive',
105 silly get     'x-served-by': 'cache-atl6249-ATL',
105 silly get     'x-cache': 'HIT',
105 silly get     'x-cache-hits': '2',
105 silly get     'x-timer': 'S1460306395.976425,VS0,VE0',
105 silly get     vary: 'Accept-Encoding' } ]
106 verbose etag https://registry.npmjs.org/findup-sync from cache
107 verbose get saving findup-sync to /Users/Lauren/.npm/registry.npmjs.org/findup-sync/.cache.json
108 verbose correctMkdir /Users/Lauren/.npm correctMkdir not in flight; initializing
109 silly resolveWithNewModule findup-sync@0.3.0 checking installable status
110 silly cache add args [ 'findup-sync@~0.3.0', null ]
111 verbose cache add spec findup-sync@~0.3.0
112 silly cache add parsed spec { raw: 'findup-sync@~0.3.0',
112 silly cache add   scope: null,
112 silly cache add   name: 'findup-sync',
112 silly cache add   rawSpec: '~0.3.0',
112 silly cache add   spec: '>=0.3.0 <0.4.0',
112 silly cache add   type: 'range' }
113 silly addNamed findup-sync@>=0.3.0 <0.4.0
114 verbose addNamed ">=0.3.0 <0.4.0" is a valid semver range for findup-sync
115 silly addNameRange { name: 'findup-sync', range: '>=0.3.0 <0.4.0', hasData: false }
116 silly mapToRegistry name findup-sync
117 silly mapToRegistry using default registry
118 silly mapToRegistry registry https://registry.npmjs.org/
119 silly mapToRegistry data { raw: 'findup-sync',
119 silly mapToRegistry   scope: null,
119 silly mapToRegistry   name: 'findup-sync',
119 silly mapToRegistry   rawSpec: '',
119 silly mapToRegistry   spec: 'latest',
119 silly mapToRegistry   type: 'tag' }
120 silly mapToRegistry uri https://registry.npmjs.org/findup-sync
121 verbose addNameRange registry:https://registry.npmjs.org/findup-sync not in flight; fetching
122 verbose get https://registry.npmjs.org/findup-sync not expired, no request
123 silly addNameRange number 2 { name: 'findup-sync', range: '>=0.3.0 <0.4.0', hasData: true }
124 silly addNameRange versions [ 'findup-sync',
124 silly addNameRange   [ '0.1.0',
124 silly addNameRange     '0.1.1',
124 silly addNameRange     '0.1.2',
124 silly addNameRange     '0.1.3',
124 silly addNameRange     '0.2.0',
124 silly addNameRange     '0.2.1',
124 silly addNameRange     '0.3.0',
124 silly addNameRange     '0.4.0' ] ]
125 silly addNamed findup-sync@0.3.0
126 verbose addNamed "0.3.0" is a plain semver version for findup-sync
127 silly cache afterAdd findup-sync@0.3.0
128 verbose afterAdd /Users/Lauren/.npm/findup-sync/0.3.0/package/package.json not in flight; writing
129 verbose correctMkdir /Users/Lauren/.npm correctMkdir not in flight; initializing
130 verbose afterAdd /Users/Lauren/.npm/findup-sync/0.3.0/package/package.json written
131 http 304 https://registry.npmjs.org/resolve
132 verbose headers { date: 'Sun, 10 Apr 2016 16:39:55 GMT',
132 verbose headers   via: '1.1 varnish',
132 verbose headers   'cache-control': 'max-age=300',
132 verbose headers   etag: '"JRYGJUMH9LKT7TX2IWA5N8VJ"',
132 verbose headers   age: '233',
132 verbose headers   connection: 'keep-alive',
132 verbose headers   'x-served-by': 'cache-atl6247-ATL',
132 verbose headers   'x-cache': 'HIT',
132 verbose headers   'x-cache-hits': '3',
132 verbose headers   'x-timer': 'S1460306395.992200,VS0,VE0',
132 verbose headers   vary: 'Accept-Encoding' }
133 silly get cb [ 304,
133 silly get   { date: 'Sun, 10 Apr 2016 16:39:55 GMT',
133 silly get     via: '1.1 varnish',
133 silly get     'cache-control': 'max-age=300',
133 silly get     etag: '"JRYGJUMH9LKT7TX2IWA5N8VJ"',
133 silly get     age: '233',
133 silly get     connection: 'keep-alive',
133 silly get     'x-served-by': 'cache-atl6247-ATL',
133 silly get     'x-cache': 'HIT',
133 silly get     'x-cache-hits': '3',
133 silly get     'x-timer': 'S1460306395.992200,VS0,VE0',
133 silly get     vary: 'Accept-Encoding' } ]
134 verbose etag https://registry.npmjs.org/resolve from cache
135 verbose get saving resolve to /Users/Lauren/.npm/registry.npmjs.org/resolve/.cache.json
136 verbose correctMkdir /Users/Lauren/.npm correctMkdir not in flight; initializing
137 silly resolveWithNewModule resolve@1.1.7 checking installable status
138 silly cache add args [ 'resolve@~1.1.0', null ]
139 verbose cache add spec resolve@~1.1.0
140 silly cache add parsed spec { raw: 'resolve@~1.1.0',
140 silly cache add   scope: null,
140 silly cache add   name: 'resolve',
140 silly cache add   rawSpec: '~1.1.0',
140 silly cache add   spec: '>=1.1.0 <1.2.0',
140 silly cache add   type: 'range' }
141 silly addNamed resolve@>=1.1.0 <1.2.0
142 verbose addNamed ">=1.1.0 <1.2.0" is a valid semver range for resolve
143 silly addNameRange { name: 'resolve', range: '>=1.1.0 <1.2.0', hasData: false }
144 silly mapToRegistry name resolve
145 silly mapToRegistry using default registry
146 silly mapToRegistry registry https://registry.npmjs.org/
147 silly mapToRegistry data { raw: 'resolve',
147 silly mapToRegistry   scope: null,
147 silly mapToRegistry   name: 'resolve',
147 silly mapToRegistry   rawSpec: '',
147 silly mapToRegistry   spec: 'latest',
147 silly mapToRegistry   type: 'tag' }
148 silly mapToRegistry uri https://registry.npmjs.org/resolve
149 verbose addNameRange registry:https://registry.npmjs.org/resolve not in flight; fetching
150 verbose get https://registry.npmjs.org/resolve not expired, no request
151 silly addNameRange number 2 { name: 'resolve', range: '>=1.1.0 <1.2.0', hasData: true }
152 silly addNameRange versions [ 'resolve',
152 silly addNameRange   [ '0.0.0',
152 silly addNameRange     '0.0.1',
152 silly addNameRange     '0.0.2',
152 silly addNameRange     '0.0.3',
152 silly addNameRange     '0.0.4',
152 silly addNameRange     '0.1.0',
152 silly addNameRange     '0.1.2',
152 silly addNameRange     '0.1.3',
152 silly addNameRange     '0.2.0',
152 silly addNameRange     '0.2.1',
152 silly addNameRange     '0.2.2',
152 silly addNameRange     '0.2.3',
152 silly addNameRange     '0.2.4',
152 silly addNameRange     '0.2.5',
152 silly addNameRange     '0.2.6',
152 silly addNameRange     '0.2.7',
152 silly addNameRange     '0.2.8',
152 silly addNameRange     '0.3.0',
152 silly addNameRange     '0.3.1',
152 silly addNameRange     '0.4.0',
152 silly addNameRange     '0.4.1',
152 silly addNameRange     '0.4.2',
152 silly addNameRange     '0.4.3',
152 silly addNameRange     '0.5.0',
152 silly addNameRange     '0.5.1',
152 silly addNameRange     '0.6.0',
152 silly addNameRange     '0.6.1',
152 silly addNameRange     '0.6.2',
152 silly addNameRange     '0.6.3',
152 silly addNameRange     '0.7.0',
152 silly addNameRange     '0.7.1',
152 silly addNameRange     '0.7.2',
152 silly addNameRange     '0.7.3',
152 silly addNameRange     '0.7.4',
152 silly addNameRange     '1.0.0',
152 silly addNameRange     '1.1.0',
152 silly addNameRange     '1.1.2',
152 silly addNameRange     '1.1.3',
152 silly addNameRange     '1.1.4',
152 silly addNameRange     '1.1.5',
152 silly addNameRange     '1.1.6',
152 silly addNameRange     '1.1.7' ] ]
153 silly addNamed resolve@1.1.7
154 verbose addNamed "1.1.7" is a plain semver version for resolve
155 silly cache afterAdd resolve@1.1.7
156 verbose afterAdd /Users/Lauren/.npm/resolve/1.1.7/package/package.json not in flight; writing
157 verbose correctMkdir /Users/Lauren/.npm correctMkdir not in flight; initializing
158 verbose afterAdd /Users/Lauren/.npm/resolve/1.1.7/package/package.json written
159 http 304 https://registry.npmjs.org/nopt
160 verbose headers { date: 'Sun, 10 Apr 2016 16:39:56 GMT',
160 verbose headers   via: '1.1 varnish',
160 verbose headers   'cache-control': 'max-age=300',
160 verbose headers   etag: '"53NWQ6XY2NLAFB30G2E3W8W60"',
160 verbose headers   age: '153',
160 verbose headers   connection: 'keep-alive',
160 verbose headers   'x-served-by': 'cache-atl6241-ATL',
160 verbose headers   'x-cache': 'HIT',
160 verbose headers   'x-cache-hits': '3',
160 verbose headers   'x-timer': 'S1460306396.030492,VS0,VE0',
160 verbose headers   vary: 'Accept-Encoding' }
161 silly get cb [ 304,
161 silly get   { date: 'Sun, 10 Apr 2016 16:39:56 GMT',
161 silly get     via: '1.1 varnish',
161 silly get     'cache-control': 'max-age=300',
161 silly get     etag: '"53NWQ6XY2NLAFB30G2E3W8W60"',
161 silly get     age: '153',
161 silly get     connection: 'keep-alive',
161 silly get     'x-served-by': 'cache-atl6241-ATL',
161 silly get     'x-cache': 'HIT',
161 silly get     'x-cache-hits': '3',
161 silly get     'x-timer': 'S1460306396.030492,VS0,VE0',
161 silly get     vary: 'Accept-Encoding' } ]
162 verbose etag https://registry.npmjs.org/nopt from cache
163 verbose get saving nopt to /Users/Lauren/.npm/registry.npmjs.org/nopt/.cache.json
164 verbose correctMkdir /Users/Lauren/.npm correctMkdir not in flight; initializing
165 http 304 https://registry.npmjs.org/grunt-known-options
166 verbose headers { date: 'Sun, 10 Apr 2016 16:39:56 GMT',
166 verbose headers   via: '1.1 varnish',
166 verbose headers   'cache-control': 'max-age=300',
166 verbose headers   etag: '"7QSNI1GHSQUPUZPXA2OGSKIJS"',
166 verbose headers   age: '217',
166 verbose headers   connection: 'keep-alive',
166 verbose headers   'x-served-by': 'cache-atl6227-ATL',
166 verbose headers   'x-cache': 'HIT',
166 verbose headers   'x-cache-hits': '1',
166 verbose headers   'x-timer': 'S1460306396.031003,VS0,VE0',
166 verbose headers   vary: 'Accept-Encoding' }
167 silly get cb [ 304,
167 silly get   { date: 'Sun, 10 Apr 2016 16:39:56 GMT',
167 silly get     via: '1.1 varnish',
167 silly get     'cache-control': 'max-age=300',
167 silly get     etag: '"7QSNI1GHSQUPUZPXA2OGSKIJS"',
167 silly get     age: '217',
167 silly get     connection: 'keep-alive',
167 silly get     'x-served-by': 'cache-atl6227-ATL',
167 silly get     'x-cache': 'HIT',
167 silly get     'x-cache-hits': '1',
167 silly get     'x-timer': 'S1460306396.031003,VS0,VE0',
167 silly get     vary: 'Accept-Encoding' } ]
168 verbose etag https://registry.npmjs.org/grunt-known-options from cache
169 verbose get saving grunt-known-options to /Users/Lauren/.npm/registry.npmjs.org/grunt-known-options/.cache.json
170 verbose correctMkdir /Users/Lauren/.npm correctMkdir not in flight; initializing
171 silly resolveWithNewModule grunt-known-options@1.1.0 checking installable status
172 silly cache add args [ 'grunt-known-options@~1.1.0', null ]
173 verbose cache add spec grunt-known-options@~1.1.0
174 silly cache add parsed spec { raw: 'grunt-known-options@~1.1.0',
174 silly cache add   scope: null,
174 silly cache add   name: 'grunt-known-options',
174 silly cache add   rawSpec: '~1.1.0',
174 silly cache add   spec: '>=1.1.0 <1.2.0',
174 silly cache add   type: 'range' }
175 silly addNamed grunt-known-options@>=1.1.0 <1.2.0
176 verbose addNamed ">=1.1.0 <1.2.0" is a valid semver range for grunt-known-options
177 silly addNameRange { name: 'grunt-known-options',
177 silly addNameRange   range: '>=1.1.0 <1.2.0',
177 silly addNameRange   hasData: false }
178 silly mapToRegistry name grunt-known-options
179 silly mapToRegistry using default registry
180 silly mapToRegistry registry https://registry.npmjs.org/
181 silly mapToRegistry data { raw: 'grunt-known-options',
181 silly mapToRegistry   scope: null,
181 silly mapToRegistry   name: 'grunt-known-options',
181 silly mapToRegistry   rawSpec: '',
181 silly mapToRegistry   spec: 'latest',
181 silly mapToRegistry   type: 'tag' }
182 silly mapToRegistry uri https://registry.npmjs.org/grunt-known-options
183 verbose addNameRange registry:https://registry.npmjs.org/grunt-known-options not in flight; fetching
184 silly resolveWithNewModule nopt@3.0.6 checking installable status
185 silly cache add args [ 'nopt@~3.0.6', null ]
186 verbose cache add spec nopt@~3.0.6
187 silly cache add parsed spec { raw: 'nopt@~3.0.6',
187 silly cache add   scope: null,
187 silly cache add   name: 'nopt',
187 silly cache add   rawSpec: '~3.0.6',
187 silly cache add   spec: '>=3.0.6 <3.1.0',
187 silly cache add   type: 'range' }
188 silly addNamed nopt@>=3.0.6 <3.1.0
189 verbose addNamed ">=3.0.6 <3.1.0" is a valid semver range for nopt
190 silly addNameRange { name: 'nopt', range: '>=3.0.6 <3.1.0', hasData: false }
191 silly mapToRegistry name nopt
192 silly mapToRegistry using default registry
193 silly mapToRegistry registry https://registry.npmjs.org/
194 silly mapToRegistry data { raw: 'nopt',
194 silly mapToRegistry   scope: null,
194 silly mapToRegistry   name: 'nopt',
194 silly mapToRegistry   rawSpec: '',
194 silly mapToRegistry   spec: 'latest',
194 silly mapToRegistry   type: 'tag' }
195 silly mapToRegistry uri https://registry.npmjs.org/nopt
196 verbose addNameRange registry:https://registry.npmjs.org/nopt not in flight; fetching
197 verbose get https://registry.npmjs.org/grunt-known-options not expired, no request
198 silly addNameRange number 2 { name: 'grunt-known-options',
198 silly addNameRange   range: '>=1.1.0 <1.2.0',
198 silly addNameRange   hasData: true }
199 silly addNameRange versions [ 'grunt-known-options', [ '1.0.0', '1.1.0' ] ]
200 silly addNamed grunt-known-options@1.1.0
201 verbose addNamed "1.1.0" is a plain semver version for grunt-known-options
202 verbose get https://registry.npmjs.org/nopt not expired, no request
203 silly addNameRange number 2 { name: 'nopt', range: '>=3.0.6 <3.1.0', hasData: true }
204 silly addNameRange versions [ 'nopt',
204 silly addNameRange   [ '1.0.0',
204 silly addNameRange     '1.0.1',
204 silly addNameRange     '1.0.2',
204 silly addNameRange     '1.0.3',
204 silly addNameRange     '1.0.4',
204 silly addNameRange     '1.0.5',
204 silly addNameRange     '1.0.6',
204 silly addNameRange     '1.0.7',
204 silly addNameRange     '1.0.8',
204 silly addNameRange     '1.0.9',
204 silly addNameRange     '1.0.10',
204 silly addNameRange     '2.0.0',
204 silly addNameRange     '2.1.0',
204 silly addNameRange     '2.1.1',
204 silly addNameRange     '2.1.2',
204 silly addNameRange     '2.2.0',
204 silly addNameRange     '2.2.1',
204 silly addNameRange     '3.0.0',
204 silly addNameRange     '3.0.1',
204 silly addNameRange     '3.0.2',
204 silly addNameRange     '3.0.3',
204 silly addNameRange     '3.0.4',
204 silly addNameRange     '3.0.5',
204 silly addNameRange     '3.0.6' ] ]
205 silly addNamed nopt@3.0.6
206 verbose addNamed "3.0.6" is a plain semver version for nopt
207 silly cache afterAdd grunt-known-options@1.1.0
208 verbose afterAdd /Users/Lauren/.npm/grunt-known-options/1.1.0/package/package.json not in flight; writing
209 verbose correctMkdir /Users/Lauren/.npm correctMkdir not in flight; initializing
210 silly cache afterAdd nopt@3.0.6
211 verbose afterAdd /Users/Lauren/.npm/nopt/3.0.6/package/package.json not in flight; writing
212 verbose correctMkdir /Users/Lauren/.npm correctMkdir not in flight; initializing
213 verbose afterAdd /Users/Lauren/.npm/grunt-known-options/1.1.0/package/package.json written
214 verbose afterAdd /Users/Lauren/.npm/nopt/3.0.6/package/package.json written
215 silly fetchNamedPackageData glob
216 silly mapToRegistry name glob
217 silly mapToRegistry using default registry
218 silly mapToRegistry registry https://registry.npmjs.org/
219 silly mapToRegistry data { raw: 'glob',
219 silly mapToRegistry   scope: null,
219 silly mapToRegistry   name: 'glob',
219 silly mapToRegistry   rawSpec: '',
219 silly mapToRegistry   spec: 'latest',
219 silly mapToRegistry   type: 'tag' }
220 silly mapToRegistry uri https://registry.npmjs.org/glob
221 verbose request uri https://registry.npmjs.org/glob
222 verbose request no auth needed
223 info attempt registry request try #1 at 12:39:56
224 verbose etag "A9RWKTDY2PL58R9J1NKQX5AQ7"
225 http request GET https://registry.npmjs.org/glob
226 http 304 https://registry.npmjs.org/glob
227 verbose headers { date: 'Sun, 10 Apr 2016 16:39:56 GMT',
227 verbose headers   via: '1.1 varnish',
227 verbose headers   'cache-control': 'max-age=300',
227 verbose headers   etag: '"A9RWKTDY2PL58R9J1NKQX5AQ7"',
227 verbose headers   age: '245',
227 verbose headers   connection: 'keep-alive',
227 verbose headers   'x-served-by': 'cache-atl6245-ATL',
227 verbose headers   'x-cache': 'HIT',
227 verbose headers   'x-cache-hits': '10',
227 verbose headers   'x-timer': 'S1460306396.438375,VS0,VE0',
227 verbose headers   vary: 'Accept-Encoding' }
228 silly get cb [ 304,
228 silly get   { date: 'Sun, 10 Apr 2016 16:39:56 GMT',
228 silly get     via: '1.1 varnish',
228 silly get     'cache-control': 'max-age=300',
228 silly get     etag: '"A9RWKTDY2PL58R9J1NKQX5AQ7"',
228 silly get     age: '245',
228 silly get     connection: 'keep-alive',
228 silly get     'x-served-by': 'cache-atl6245-ATL',
228 silly get     'x-cache': 'HIT',
228 silly get     'x-cache-hits': '10',
228 silly get     'x-timer': 'S1460306396.438375,VS0,VE0',
228 silly get     vary: 'Accept-Encoding' } ]
229 verbose etag https://registry.npmjs.org/glob from cache
230 verbose get saving glob to /Users/Lauren/.npm/registry.npmjs.org/glob/.cache.json
231 verbose correctMkdir /Users/Lauren/.npm correctMkdir not in flight; initializing
232 silly resolveWithNewModule glob@5.0.15 checking installable status
233 silly cache add args [ 'glob@~5.0.0', null ]
234 verbose cache add spec glob@~5.0.0
235 silly cache add parsed spec { raw: 'glob@~5.0.0',
235 silly cache add   scope: null,
235 silly cache add   name: 'glob',
235 silly cache add   rawSpec: '~5.0.0',
235 silly cache add   spec: '>=5.0.0 <5.1.0',
235 silly cache add   type: 'range' }
236 silly addNamed glob@>=5.0.0 <5.1.0
237 verbose addNamed ">=5.0.0 <5.1.0" is a valid semver range for glob
238 silly addNameRange { name: 'glob', range: '>=5.0.0 <5.1.0', hasData: false }
239 silly mapToRegistry name glob
240 silly mapToRegistry using default registry
241 silly mapToRegistry registry https://registry.npmjs.org/
242 silly mapToRegistry data { raw: 'glob',
242 silly mapToRegistry   scope: null,
242 silly mapToRegistry   name: 'glob',
242 silly mapToRegistry   rawSpec: '',
242 silly mapToRegistry   spec: 'latest',
242 silly mapToRegistry   type: 'tag' }
243 silly mapToRegistry uri https://registry.npmjs.org/glob
244 verbose addNameRange registry:https://registry.npmjs.org/glob not in flight; fetching
245 verbose get https://registry.npmjs.org/glob not expired, no request
246 silly addNameRange number 2 { name: 'glob', range: '>=5.0.0 <5.1.0', hasData: true }
247 silly addNameRange versions [ 'glob',
247 silly addNameRange   [ '1.1.0',
247 silly addNameRange     '2.0.9',
247 silly addNameRange     '2.0.8',
247 silly addNameRange     '2.0.7',
247 silly addNameRange     '2.1.0',
247 silly addNameRange     '3.0.0',
247 silly addNameRange     '3.0.1',
247 silly addNameRange     '3.1.0',
247 silly addNameRange     '3.1.1',
247 silly addNameRange     '3.1.2',
247 silly addNameRange     '3.1.3',
247 silly addNameRange     '3.1.4',
247 silly addNameRange     '3.1.5',
247 silly addNameRange     '3.1.6',
247 silly addNameRange     '3.1.7',
247 silly addNameRange     '3.1.9',
247 silly addNameRange     '3.1.10',
247 silly addNameRange     '3.1.11',
247 silly addNameRange     '3.1.12',
247 silly addNameRange     '3.1.13',
247 silly addNameRange     '3.1.14',
247 silly addNameRange     '3.1.15',
247 silly addNameRange     '3.1.16',
247 silly addNameRange     '3.1.17',
247 silly addNameRange     '3.1.18',
247 silly addNameRange     '3.1.19',
247 silly addNameRange     '3.1.20',
247 silly addNameRange     '3.1.21',
247 silly addNameRange     '3.2.0',
247 silly addNameRange     '3.2.1',
247 silly addNameRange     '3.2.3',
247 silly addNameRange     '3.2.4',
247 silly addNameRange     '3.2.5',
247 silly addNameRange     '3.2.6',
247 silly addNameRange     '3.2.7',
247 silly addNameRange     '3.2.8',
247 silly addNameRange     '3.2.9',
247 silly addNameRange     '3.2.10',
247 silly addNameRange     '3.2.11',
247 silly addNameRange     '4.0.0',
247 silly addNameRange     '4.0.1',
247 silly addNameRange     '4.0.2',
247 silly addNameRange     '4.0.3',
247 silly addNameRange     '4.0.4',
247 silly addNameRange     '4.0.5',
247 silly addNameRange     '4.0.6',
247 silly addNameRange     '4.1.2-beta',
247 silly addNameRange     '4.1.2',
247 silly addNameRange     '4.1.3',
247 silly addNameRange     '4.1.4',
247 silly addNameRange     '4.1.5',
247 silly addNameRange     '4.1.6',
247 silly addNameRange     '4.2.0',
247 silly addNameRange     '4.2.1',
247 silly addNameRange     '4.2.2',
247 silly addNameRange     '4.3.0',
247 silly addNameRange     '4.3.1',
247 silly addNameRange     '4.3.2',
247 silly addNameRange     '4.3.3',
247 silly addNameRange     '4.3.4',
247 silly addNameRange     '4.3.5',
247 silly addNameRange     '4.4.0',
247 silly addNameRange     '4.4.2',
247 silly addNameRange     '4.5.0',
247 silly addNameRange     '5.0.0',
247 silly addNameRange     '4.5.1',
247 silly addNameRange     '5.0.1',
247 silly addNameRange     '4.5.2',
247 silly addNameRange     '5.0.2',
247 silly addNameRange     '4.5.3',
247 silly addNameRange     '5.0.3',
247 silly addNameRange     '5.0.4',
247 silly addNameRange     '5.0.5',
247 silly addNameRange     '5.0.6',
247 silly addNameRange     '5.0.7',
247 silly addNameRange     '5.0.9',
247 silly addNameRange     '5.0.10',
247 silly addNameRange     '5.0.11',
247 silly addNameRange     '5.0.12',
247 silly addNameRange     '5.0.13',
247 silly addNameRange     '5.0.14',
247 silly addNameRange     '5.0.15',
247 silly addNameRange     '6.0.1',
247 silly addNameRange     '6.0.2',
247 silly addNameRange     '6.0.3',
247 silly addNameRange     '6.0.4',
247 silly addNameRange     '7.0.0',
247 silly addNameRange     '7.0.1',
247 silly addNameRange     '7.0.3' ] ]
248 silly addNamed glob@5.0.15
249 verbose addNamed "5.0.15" is a plain semver version for glob
250 silly cache afterAdd glob@5.0.15
251 verbose afterAdd /Users/Lauren/.npm/glob/5.0.15/package/package.json not in flight; writing
252 verbose correctMkdir /Users/Lauren/.npm correctMkdir not in flight; initializing
253 verbose afterAdd /Users/Lauren/.npm/glob/5.0.15/package/package.json written
254 silly fetchNamedPackageData inflight
255 silly mapToRegistry name inflight
256 silly mapToRegistry using default registry
257 silly mapToRegistry registry https://registry.npmjs.org/
258 silly mapToRegistry data { raw: 'inflight',
258 silly mapToRegistry   scope: null,
258 silly mapToRegistry   name: 'inflight',
258 silly mapToRegistry   rawSpec: '',
258 silly mapToRegistry   spec: 'latest',
258 silly mapToRegistry   type: 'tag' }
259 silly mapToRegistry uri https://registry.npmjs.org/inflight
260 silly fetchNamedPackageData inherits
261 silly mapToRegistry name inherits
262 silly mapToRegistry using default registry
263 silly mapToRegistry registry https://registry.npmjs.org/
264 silly mapToRegistry data { raw: 'inherits',
264 silly mapToRegistry   scope: null,
264 silly mapToRegistry   name: 'inherits',
264 silly mapToRegistry   rawSpec: '',
264 silly mapToRegistry   spec: 'latest',
264 silly mapToRegistry   type: 'tag' }
265 silly mapToRegistry uri https://registry.npmjs.org/inherits
266 silly fetchNamedPackageData minimatch
267 silly mapToRegistry name minimatch
268 silly mapToRegistry using default registry
269 silly mapToRegistry registry https://registry.npmjs.org/
270 silly mapToRegistry data { raw: 'minimatch',
270 silly mapToRegistry   scope: null,
270 silly mapToRegistry   name: 'minimatch',
270 silly mapToRegistry   rawSpec: '',
270 silly mapToRegistry   spec: 'latest',
270 silly mapToRegistry   type: 'tag' }
271 silly mapToRegistry uri https://registry.npmjs.org/minimatch
272 silly fetchNamedPackageData once
273 silly mapToRegistry name once
274 silly mapToRegistry using default registry
275 silly mapToRegistry registry https://registry.npmjs.org/
276 silly mapToRegistry data { raw: 'once',
276 silly mapToRegistry   scope: null,
276 silly mapToRegistry   name: 'once',
276 silly mapToRegistry   rawSpec: '',
276 silly mapToRegistry   spec: 'latest',
276 silly mapToRegistry   type: 'tag' }
277 silly mapToRegistry uri https://registry.npmjs.org/once
278 silly fetchNamedPackageData path-is-absolute
279 silly mapToRegistry name path-is-absolute
280 silly mapToRegistry using default registry
281 silly mapToRegistry registry https://registry.npmjs.org/
282 silly mapToRegistry data { raw: 'path-is-absolute',
282 silly mapToRegistry   scope: null,
282 silly mapToRegistry   name: 'path-is-absolute',
282 silly mapToRegistry   rawSpec: '',
282 silly mapToRegistry   spec: 'latest',
282 silly mapToRegistry   type: 'tag' }
283 silly mapToRegistry uri https://registry.npmjs.org/path-is-absolute
284 verbose request uri https://registry.npmjs.org/inflight
285 verbose request no auth needed
286 info attempt registry request try #1 at 12:39:56
287 verbose etag "AYD7KENJNHXM5Z0WKMT2D06HW"
288 http request GET https://registry.npmjs.org/inflight
289 verbose request uri https://registry.npmjs.org/inherits
290 verbose request no auth needed
291 info attempt registry request try #1 at 12:39:56
292 verbose etag "CSFMXBRYNJGABJSTPX8EQ98J4"
293 http request GET https://registry.npmjs.org/inherits
294 verbose request uri https://registry.npmjs.org/minimatch
295 verbose request no auth needed
296 info attempt registry request try #1 at 12:39:56
297 verbose etag "DFZODLEATQAZ2N0BZOZDSZYIR"
298 http request GET https://registry.npmjs.org/minimatch
299 verbose request uri https://registry.npmjs.org/once
300 verbose request no auth needed
301 info attempt registry request try #1 at 12:39:56
302 verbose etag "19BC5SB4QCK4KR5ZAJCMUBZ3M"
303 http request GET https://registry.npmjs.org/once
304 verbose request uri https://registry.npmjs.org/path-is-absolute
305 verbose request no auth needed
306 info attempt registry request try #1 at 12:39:56
307 verbose etag "BN5VZYARJTFIZINEV94ZMOHSE"
308 http request GET https://registry.npmjs.org/path-is-absolute
309 http 304 https://registry.npmjs.org/inflight
310 verbose headers { date: 'Sun, 10 Apr 2016 16:39:56 GMT',
310 verbose headers   via: '1.1 varnish',
310 verbose headers   'cache-control': 'max-age=300',
310 verbose headers   etag: '"AYD7KENJNHXM5Z0WKMT2D06HW"',
310 verbose headers   age: '147',
310 verbose headers   connection: 'keep-alive',
310 verbose headers   'x-served-by': 'cache-atl6243-ATL',
310 verbose headers   'x-cache': 'HIT',
310 verbose headers   'x-cache-hits': '4',
310 verbose headers   'x-timer': 'S1460306396.727956,VS0,VE0',
310 verbose headers   vary: 'Accept-Encoding' }
311 silly get cb [ 304,
311 silly get   { date: 'Sun, 10 Apr 2016 16:39:56 GMT',
311 silly get     via: '1.1 varnish',
311 silly get     'cache-control': 'max-age=300',
311 silly get     etag: '"AYD7KENJNHXM5Z0WKMT2D06HW"',
311 silly get     age: '147',
311 silly get     connection: 'keep-alive',
311 silly get     'x-served-by': 'cache-atl6243-ATL',
311 silly get     'x-cache': 'HIT',
311 silly get     'x-cache-hits': '4',
311 silly get     'x-timer': 'S1460306396.727956,VS0,VE0',
311 silly get     vary: 'Accept-Encoding' } ]
312 verbose etag https://registry.npmjs.org/inflight from cache
313 verbose get saving inflight to /Users/Lauren/.npm/registry.npmjs.org/inflight/.cache.json
314 verbose correctMkdir /Users/Lauren/.npm correctMkdir not in flight; initializing
315 silly resolveWithNewModule inflight@1.0.4 checking installable status
316 silly cache add args [ 'inflight@^1.0.4', null ]
317 verbose cache add spec inflight@^1.0.4
318 silly cache add parsed spec { raw: 'inflight@^1.0.4',
318 silly cache add   scope: null,
318 silly cache add   name: 'inflight',
318 silly cache add   rawSpec: '^1.0.4',
318 silly cache add   spec: '>=1.0.4 <2.0.0',
318 silly cache add   type: 'range' }
319 silly addNamed inflight@>=1.0.4 <2.0.0
320 verbose addNamed ">=1.0.4 <2.0.0" is a valid semver range for inflight
321 silly addNameRange { name: 'inflight', range: '>=1.0.4 <2.0.0', hasData: false }
322 silly mapToRegistry name inflight
323 silly mapToRegistry using default registry
324 silly mapToRegistry registry https://registry.npmjs.org/
325 silly mapToRegistry data { raw: 'inflight',
325 silly mapToRegistry   scope: null,
325 silly mapToRegistry   name: 'inflight',
325 silly mapToRegistry   rawSpec: '',
325 silly mapToRegistry   spec: 'latest',
325 silly mapToRegistry   type: 'tag' }
326 silly mapToRegistry uri https://registry.npmjs.org/inflight
327 verbose addNameRange registry:https://registry.npmjs.org/inflight not in flight; fetching
328 verbose get https://registry.npmjs.org/inflight not expired, no request
329 silly addNameRange number 2 { name: 'inflight', range: '>=1.0.4 <2.0.0', hasData: true }
330 silly addNameRange versions [ 'inflight', [ '1.0.0', '1.0.1', '1.0.2', '1.0.3', '1.0.4' ] ]
331 silly addNamed inflight@1.0.4
332 verbose addNamed "1.0.4" is a plain semver version for inflight
333 silly cache afterAdd inflight@1.0.4
334 verbose afterAdd /Users/Lauren/.npm/inflight/1.0.4/package/package.json not in flight; writing
335 verbose correctMkdir /Users/Lauren/.npm correctMkdir not in flight; initializing
336 verbose afterAdd /Users/Lauren/.npm/inflight/1.0.4/package/package.json written
337 http 304 https://registry.npmjs.org/minimatch
338 verbose headers { date: 'Sun, 10 Apr 2016 16:39:56 GMT',
338 verbose headers   via: '1.1 varnish',
338 verbose headers   'cache-control': 'max-age=300',
338 verbose headers   etag: '"DFZODLEATQAZ2N0BZOZDSZYIR"',
338 verbose headers   age: '285',
338 verbose headers   connection: 'keep-alive',
338 verbose headers   'x-served-by': 'cache-atl6246-ATL',
338 verbose headers   'x-cache': 'HIT',
338 verbose headers   'x-cache-hits': '12',
338 verbose headers   'x-timer': 'S1460306396.755784,VS0,VE0',
338 verbose headers   vary: 'Accept-Encoding' }
339 silly get cb [ 304,
339 silly get   { date: 'Sun, 10 Apr 2016 16:39:56 GMT',
339 silly get     via: '1.1 varnish',
339 silly get     'cache-control': 'max-age=300',
339 silly get     etag: '"DFZODLEATQAZ2N0BZOZDSZYIR"',
339 silly get     age: '285',
339 silly get     connection: 'keep-alive',
339 silly get     'x-served-by': 'cache-atl6246-ATL',
339 silly get     'x-cache': 'HIT',
339 silly get     'x-cache-hits': '12',
339 silly get     'x-timer': 'S1460306396.755784,VS0,VE0',
339 silly get     vary: 'Accept-Encoding' } ]
340 verbose etag https://registry.npmjs.org/minimatch from cache
341 verbose get saving minimatch to /Users/Lauren/.npm/registry.npmjs.org/minimatch/.cache.json
342 verbose correctMkdir /Users/Lauren/.npm correctMkdir not in flight; initializing
343 http 304 https://registry.npmjs.org/once
344 verbose headers { date: 'Sun, 10 Apr 2016 16:39:56 GMT',
344 verbose headers   via: '1.1 varnish',
344 verbose headers   'cache-control': 'max-age=300',
344 verbose headers   etag: '"19BC5SB4QCK4KR5ZAJCMUBZ3M"',
344 verbose headers   age: '229',
344 verbose headers   connection: 'keep-alive',
344 verbose headers   'x-served-by': 'cache-atl6226-ATL',
344 verbose headers   'x-cache': 'HIT',
344 verbose headers   'x-cache-hits': '10',
344 verbose headers   'x-timer': 'S1460306396.760621,VS0,VE0',
344 verbose headers   vary: 'Accept-Encoding' }
345 silly get cb [ 304,
345 silly get   { date: 'Sun, 10 Apr 2016 16:39:56 GMT',
345 silly get     via: '1.1 varnish',
345 silly get     'cache-control': 'max-age=300',
345 silly get     etag: '"19BC5SB4QCK4KR5ZAJCMUBZ3M"',
345 silly get     age: '229',
345 silly get     connection: 'keep-alive',
345 silly get     'x-served-by': 'cache-atl6226-ATL',
345 silly get     'x-cache': 'HIT',
345 silly get     'x-cache-hits': '10',
345 silly get     'x-timer': 'S1460306396.760621,VS0,VE0',
345 silly get     vary: 'Accept-Encoding' } ]
346 verbose etag https://registry.npmjs.org/once from cache
347 verbose get saving once to /Users/Lauren/.npm/registry.npmjs.org/once/.cache.json
348 verbose correctMkdir /Users/Lauren/.npm correctMkdir not in flight; initializing
349 http 304 https://registry.npmjs.org/path-is-absolute
350 verbose headers { date: 'Sun, 10 Apr 2016 16:39:56 GMT',
350 verbose headers   via: '1.1 varnish',
350 verbose headers   'cache-control': 'max-age=300',
350 verbose headers   etag: '"BN5VZYARJTFIZINEV94ZMOHSE"',
350 verbose headers   age: '149',
350 verbose headers   connection: 'keep-alive',
350 verbose headers   'x-served-by': 'cache-atl6234-ATL',
350 verbose headers   'x-cache': 'HIT',
350 verbose headers   'x-cache-hits': '3',
350 verbose headers   'x-timer': 'S1460306396.758509,VS0,VE0',
350 verbose headers   vary: 'Accept-Encoding' }
351 silly get cb [ 304,
351 silly get   { date: 'Sun, 10 Apr 2016 16:39:56 GMT',
351 silly get     via: '1.1 varnish',
351 silly get     'cache-control': 'max-age=300',
351 silly get     etag: '"BN5VZYARJTFIZINEV94ZMOHSE"',
351 silly get     age: '149',
351 silly get     connection: 'keep-alive',
351 silly get     'x-served-by': 'cache-atl6234-ATL',
351 silly get     'x-cache': 'HIT',
351 silly get     'x-cache-hits': '3',
351 silly get     'x-timer': 'S1460306396.758509,VS0,VE0',
351 silly get     vary: 'Accept-Encoding' } ]
352 verbose etag https://registry.npmjs.org/path-is-absolute from cache
353 verbose get saving path-is-absolute to /Users/Lauren/.npm/registry.npmjs.org/path-is-absolute/.cache.json
354 verbose correctMkdir /Users/Lauren/.npm correctMkdir not in flight; initializing
355 silly resolveWithNewModule once@1.3.3 checking installable status
356 silly cache add args [ 'once@^1.3.0', null ]
357 verbose cache add spec once@^1.3.0
358 silly cache add parsed spec { raw: 'once@^1.3.0',
358 silly cache add   scope: null,
358 silly cache add   name: 'once',
358 silly cache add   rawSpec: '^1.3.0',
358 silly cache add   spec: '>=1.3.0 <2.0.0',
358 silly cache add   type: 'range' }
359 silly addNamed once@>=1.3.0 <2.0.0
360 verbose addNamed ">=1.3.0 <2.0.0" is a valid semver range for once
361 silly addNameRange { name: 'once', range: '>=1.3.0 <2.0.0', hasData: false }
362 silly mapToRegistry name once
363 silly mapToRegistry using default registry
364 silly mapToRegistry registry https://registry.npmjs.org/
365 silly mapToRegistry data { raw: 'once',
365 silly mapToRegistry   scope: null,
365 silly mapToRegistry   name: 'once',
365 silly mapToRegistry   rawSpec: '',
365 silly mapToRegistry   spec: 'latest',
365 silly mapToRegistry   type: 'tag' }
366 silly mapToRegistry uri https://registry.npmjs.org/once
367 verbose addNameRange registry:https://registry.npmjs.org/once not in flight; fetching
368 silly resolveWithNewModule minimatch@3.0.0 checking installable status
369 silly cache add args [ 'minimatch@2 || 3', null ]
370 verbose cache add spec minimatch@2 || 3
371 silly cache add parsed spec { raw: 'minimatch@2 || 3',
371 silly cache add   scope: null,
371 silly cache add   name: 'minimatch',
371 silly cache add   rawSpec: '2 || 3',
371 silly cache add   spec: '>=2.0.0 <3.0.0||>=3.0.0 <4.0.0',
371 silly cache add   type: 'range' }
372 silly addNamed minimatch@>=2.0.0 <3.0.0||>=3.0.0 <4.0.0
373 verbose addNamed ">=2.0.0 <3.0.0||>=3.0.0 <4.0.0" is a valid semver range for minimatch
374 silly addNameRange { name: 'minimatch',
374 silly addNameRange   range: '>=2.0.0 <3.0.0||>=3.0.0 <4.0.0',
374 silly addNameRange   hasData: false }
375 silly mapToRegistry name minimatch
376 silly mapToRegistry using default registry
377 silly mapToRegistry registry https://registry.npmjs.org/
378 silly mapToRegistry data { raw: 'minimatch',
378 silly mapToRegistry   scope: null,
378 silly mapToRegistry   name: 'minimatch',
378 silly mapToRegistry   rawSpec: '',
378 silly mapToRegistry   spec: 'latest',
378 silly mapToRegistry   type: 'tag' }
379 silly mapToRegistry uri https://registry.npmjs.org/minimatch
380 verbose addNameRange registry:https://registry.npmjs.org/minimatch not in flight; fetching
381 silly resolveWithNewModule path-is-absolute@1.0.0 checking installable status
382 silly cache add args [ 'path-is-absolute@^1.0.0', null ]
383 verbose cache add spec path-is-absolute@^1.0.0
384 silly cache add parsed spec { raw: 'path-is-absolute@^1.0.0',
384 silly cache add   scope: null,
384 silly cache add   name: 'path-is-absolute',
384 silly cache add   rawSpec: '^1.0.0',
384 silly cache add   spec: '>=1.0.0 <2.0.0',
384 silly cache add   type: 'range' }
385 silly addNamed path-is-absolute@>=1.0.0 <2.0.0
386 verbose addNamed ">=1.0.0 <2.0.0" is a valid semver range for path-is-absolute
387 silly addNameRange { name: 'path-is-absolute',
387 silly addNameRange   range: '>=1.0.0 <2.0.0',
387 silly addNameRange   hasData: false }
388 silly mapToRegistry name path-is-absolute
389 silly mapToRegistry using default registry
390 silly mapToRegistry registry https://registry.npmjs.org/
391 silly mapToRegistry data { raw: 'path-is-absolute',
391 silly mapToRegistry   scope: null,
391 silly mapToRegistry   name: 'path-is-absolute',
391 silly mapToRegistry   rawSpec: '',
391 silly mapToRegistry   spec: 'latest',
391 silly mapToRegistry   type: 'tag' }
392 silly mapToRegistry uri https://registry.npmjs.org/path-is-absolute
393 verbose addNameRange registry:https://registry.npmjs.org/path-is-absolute not in flight; fetching
394 verbose get https://registry.npmjs.org/once not expired, no request
395 silly addNameRange number 2 { name: 'once', range: '>=1.3.0 <2.0.0', hasData: true }
396 silly addNameRange versions [ 'once',
396 silly addNameRange   [ '1.1.1', '1.2.0', '1.3.0', '1.3.1', '1.3.2', '1.3.3' ] ]
397 silly addNamed once@1.3.3
398 verbose addNamed "1.3.3" is a plain semver version for once
399 verbose get https://registry.npmjs.org/path-is-absolute not expired, no request
400 silly addNameRange number 2 { name: 'path-is-absolute',
400 silly addNameRange   range: '>=1.0.0 <2.0.0',
400 silly addNameRange   hasData: true }
401 silly addNameRange versions [ 'path-is-absolute', [ '1.0.0' ] ]
402 silly addNamed path-is-absolute@1.0.0
403 verbose addNamed "1.0.0" is a plain semver version for path-is-absolute
404 verbose get https://registry.npmjs.org/minimatch not expired, no request
405 silly addNameRange number 2 { name: 'minimatch',
405 silly addNameRange   range: '>=2.0.0 <3.0.0||>=3.0.0 <4.0.0',
405 silly addNameRange   hasData: true }
406 silly addNameRange versions [ 'minimatch',
406 silly addNameRange   [ '0.0.1',
406 silly addNameRange     '0.0.2',
406 silly addNameRange     '0.0.4',
406 silly addNameRange     '0.0.5',
406 silly addNameRange     '0.1.1',
406 silly addNameRange     '0.1.2',
406 silly addNameRange     '0.1.3',
406 silly addNameRange     '0.1.4',
406 silly addNameRange     '0.1.5',
406 silly addNameRange     '0.2.0',
406 silly addNameRange     '0.2.2',
406 silly addNameRange     '0.2.3',
406 silly addNameRange     '0.2.4',
406 silly addNameRange     '0.2.5',
406 silly addNameRange     '0.2.6',
406 silly addNameRange     '0.2.7',
406 silly addNameRange     '0.2.8',
406 silly addNameRange     '0.2.9',
406 silly addNameRange     '0.2.10',
406 silly addNameRange     '0.2.11',
406 silly addNameRange     '0.2.12',
406 silly addNameRange     '0.2.13',
406 silly addNameRange     '0.2.14',
406 silly addNameRange     '0.3.0',
406 silly addNameRange     '0.4.0',
406 silly addNameRange     '1.0.0',
406 silly addNameRange     '2.0.0',
406 silly addNameRange     '2.0.1',
406 silly addNameRange     '2.0.2',
406 silly addNameRange     '2.0.3',
406 silly addNameRange     '2.0.4',
406 silly addNameRange     '2.0.5',
406 silly addNameRange     '2.0.6',
406 silly addNameRange     '2.0.7',
406 silly addNameRange     '2.0.8',
406 silly addNameRange     '2.0.9',
406 silly addNameRange     '2.0.10',
406 silly addNameRange     '3.0.0' ] ]
407 silly addNamed minimatch@3.0.0
408 verbose addNamed "3.0.0" is a plain semver version for minimatch
409 silly cache afterAdd once@1.3.3
410 verbose afterAdd /Users/Lauren/.npm/once/1.3.3/package/package.json not in flight; writing
411 verbose correctMkdir /Users/Lauren/.npm correctMkdir not in flight; initializing
412 silly cache afterAdd path-is-absolute@1.0.0
413 verbose afterAdd /Users/Lauren/.npm/path-is-absolute/1.0.0/package/package.json not in flight; writing
414 verbose correctMkdir /Users/Lauren/.npm correctMkdir not in flight; initializing
415 silly cache afterAdd minimatch@3.0.0
416 verbose afterAdd /Users/Lauren/.npm/minimatch/3.0.0/package/package.json not in flight; writing
417 verbose correctMkdir /Users/Lauren/.npm correctMkdir not in flight; initializing
418 verbose afterAdd /Users/Lauren/.npm/once/1.3.3/package/package.json written
419 verbose afterAdd /Users/Lauren/.npm/path-is-absolute/1.0.0/package/package.json written
420 verbose afterAdd /Users/Lauren/.npm/minimatch/3.0.0/package/package.json written
421 http 304 https://registry.npmjs.org/inherits
422 verbose headers { date: 'Sun, 10 Apr 2016 16:39:56 GMT',
422 verbose headers   via: '1.1 varnish',
422 verbose headers   'cache-control': 'max-age=300',
422 verbose headers   etag: '"CSFMXBRYNJGABJSTPX8EQ98J4"',
422 verbose headers   age: '276',
422 verbose headers   connection: 'keep-alive',
422 verbose headers   'x-served-by': 'cache-atl6220-ATL',
422 verbose headers   'x-cache': 'HIT',
422 verbose headers   'x-cache-hits': '13',
422 verbose headers   'x-timer': 'S1460306396.809419,VS0,VE0',
422 verbose headers   vary: 'Accept-Encoding' }
423 silly get cb [ 304,
423 silly get   { date: 'Sun, 10 Apr 2016 16:39:56 GMT',
423 silly get     via: '1.1 varnish',
423 silly get     'cache-control': 'max-age=300',
423 silly get     etag: '"CSFMXBRYNJGABJSTPX8EQ98J4"',
423 silly get     age: '276',
423 silly get     connection: 'keep-alive',
423 silly get     'x-served-by': 'cache-atl6220-ATL',
423 silly get     'x-cache': 'HIT',
423 silly get     'x-cache-hits': '13',
423 silly get     'x-timer': 'S1460306396.809419,VS0,VE0',
423 silly get     vary: 'Accept-Encoding' } ]
424 verbose etag https://registry.npmjs.org/inherits from cache
425 verbose get saving inherits to /Users/Lauren/.npm/registry.npmjs.org/inherits/.cache.json
426 verbose correctMkdir /Users/Lauren/.npm correctMkdir not in flight; initializing
427 silly resolveWithNewModule inherits@2.0.1 checking installable status
428 silly cache add args [ 'inherits@2', null ]
429 verbose cache add spec inherits@2
430 silly cache add parsed spec { raw: 'inherits@2',
430 silly cache add   scope: null,
430 silly cache add   name: 'inherits',
430 silly cache add   rawSpec: '2',
430 silly cache add   spec: '>=2.0.0 <3.0.0',
430 silly cache add   type: 'range' }
431 silly addNamed inherits@>=2.0.0 <3.0.0
432 verbose addNamed ">=2.0.0 <3.0.0" is a valid semver range for inherits
433 silly addNameRange { name: 'inherits', range: '>=2.0.0 <3.0.0', hasData: false }
434 silly mapToRegistry name inherits
435 silly mapToRegistry using default registry
436 silly mapToRegistry registry https://registry.npmjs.org/
437 silly mapToRegistry data { raw: 'inherits',
437 silly mapToRegistry   scope: null,
437 silly mapToRegistry   name: 'inherits',
437 silly mapToRegistry   rawSpec: '',
437 silly mapToRegistry   spec: 'latest',
437 silly mapToRegistry   type: 'tag' }
438 silly mapToRegistry uri https://registry.npmjs.org/inherits
439 verbose addNameRange registry:https://registry.npmjs.org/inherits not in flight; fetching
440 verbose get https://registry.npmjs.org/inherits not expired, no request
441 silly addNameRange number 2 { name: 'inherits', range: '>=2.0.0 <3.0.0', hasData: true }
442 silly addNameRange versions [ 'inherits', [ '1.0.0', '2.0.0', '2.0.1', '1.0.1', '1.0.2' ] ]
443 silly addNamed inherits@2.0.1
444 verbose addNamed "2.0.1" is a plain semver version for inherits
445 silly cache afterAdd inherits@2.0.1
446 verbose afterAdd /Users/Lauren/.npm/inherits/2.0.1/package/package.json not in flight; writing
447 verbose correctMkdir /Users/Lauren/.npm correctMkdir not in flight; initializing
448 verbose afterAdd /Users/Lauren/.npm/inherits/2.0.1/package/package.json written
449 silly fetchNamedPackageData wrappy
450 silly mapToRegistry name wrappy
451 silly mapToRegistry using default registry
452 silly mapToRegistry registry https://registry.npmjs.org/
453 silly mapToRegistry data { raw: 'wrappy',
453 silly mapToRegistry   scope: null,
453 silly mapToRegistry   name: 'wrappy',
453 silly mapToRegistry   rawSpec: '',
453 silly mapToRegistry   spec: 'latest',
453 silly mapToRegistry   type: 'tag' }
454 silly mapToRegistry uri https://registry.npmjs.org/wrappy
455 verbose request uri https://registry.npmjs.org/wrappy
456 verbose request no auth needed
457 info attempt registry request try #1 at 12:39:56
458 verbose etag "BC9JAW6E2PQBS8NYYKIYUR99F"
459 http request GET https://registry.npmjs.org/wrappy
460 http 304 https://registry.npmjs.org/wrappy
461 verbose headers { date: 'Sun, 10 Apr 2016 16:39:57 GMT',
461 verbose headers   via: '1.1 varnish',
461 verbose headers   'cache-control': 'max-age=300',
461 verbose headers   etag: '"BC9JAW6E2PQBS8NYYKIYUR99F"',
461 verbose headers   age: '154',
461 verbose headers   connection: 'keep-alive',
461 verbose headers   'x-served-by': 'cache-atl6242-ATL',
461 verbose headers   'x-cache': 'HIT',
461 verbose headers   'x-cache-hits': '5',
461 verbose headers   'x-timer': 'S1460306397.028243,VS0,VE0',
461 verbose headers   vary: 'Accept-Encoding' }
462 silly get cb [ 304,
462 silly get   { date: 'Sun, 10 Apr 2016 16:39:57 GMT',
462 silly get     via: '1.1 varnish',
462 silly get     'cache-control': 'max-age=300',
462 silly get     etag: '"BC9JAW6E2PQBS8NYYKIYUR99F"',
462 silly get     age: '154',
462 silly get     connection: 'keep-alive',
462 silly get     'x-served-by': 'cache-atl6242-ATL',
462 silly get     'x-cache': 'HIT',
462 silly get     'x-cache-hits': '5',
462 silly get     'x-timer': 'S1460306397.028243,VS0,VE0',
462 silly get     vary: 'Accept-Encoding' } ]
463 verbose etag https://registry.npmjs.org/wrappy from cache
464 verbose get saving wrappy to /Users/Lauren/.npm/registry.npmjs.org/wrappy/.cache.json
465 verbose correctMkdir /Users/Lauren/.npm correctMkdir not in flight; initializing
466 silly resolveWithNewModule wrappy@1.0.1 checking installable status
467 silly cache add args [ 'wrappy@1', null ]
468 verbose cache add spec wrappy@1
469 silly cache add parsed spec { raw: 'wrappy@1',
469 silly cache add   scope: null,
469 silly cache add   name: 'wrappy',
469 silly cache add   rawSpec: '1',
469 silly cache add   spec: '>=1.0.0 <2.0.0',
469 silly cache add   type: 'range' }
470 silly addNamed wrappy@>=1.0.0 <2.0.0
471 verbose addNamed ">=1.0.0 <2.0.0" is a valid semver range for wrappy
472 silly addNameRange { name: 'wrappy', range: '>=1.0.0 <2.0.0', hasData: false }
473 silly mapToRegistry name wrappy
474 silly mapToRegistry using default registry
475 silly mapToRegistry registry https://registry.npmjs.org/
476 silly mapToRegistry data { raw: 'wrappy',
476 silly mapToRegistry   scope: null,
476 silly mapToRegistry   name: 'wrappy',
476 silly mapToRegistry   rawSpec: '',
476 silly mapToRegistry   spec: 'latest',
476 silly mapToRegistry   type: 'tag' }
477 silly mapToRegistry uri https://registry.npmjs.org/wrappy
478 verbose addNameRange registry:https://registry.npmjs.org/wrappy not in flight; fetching
479 verbose get https://registry.npmjs.org/wrappy not expired, no request
480 silly addNameRange number 2 { name: 'wrappy', range: '>=1.0.0 <2.0.0', hasData: true }
481 silly addNameRange versions [ 'wrappy', [ '1.0.0', '1.0.1' ] ]
482 silly addNamed wrappy@1.0.1
483 verbose addNamed "1.0.1" is a plain semver version for wrappy
484 silly cache afterAdd wrappy@1.0.1
485 verbose afterAdd /Users/Lauren/.npm/wrappy/1.0.1/package/package.json not in flight; writing
486 verbose correctMkdir /Users/Lauren/.npm correctMkdir not in flight; initializing
487 verbose afterAdd /Users/Lauren/.npm/wrappy/1.0.1/package/package.json written
488 silly fetchNamedPackageData brace-expansion
489 silly mapToRegistry name brace-expansion
490 silly mapToRegistry using default registry
491 silly mapToRegistry registry https://registry.npmjs.org/
492 silly mapToRegistry data { raw: 'brace-expansion',
492 silly mapToRegistry   scope: null,
492 silly mapToRegistry   name: 'brace-expansion',
492 silly mapToRegistry   rawSpec: '',
492 silly mapToRegistry   spec: 'latest',
492 silly mapToRegistry   type: 'tag' }
493 silly mapToRegistry uri https://registry.npmjs.org/brace-expansion
494 verbose request uri https://registry.npmjs.org/brace-expansion
495 verbose request no auth needed
496 info attempt registry request try #1 at 12:39:57
497 verbose etag "9MB4GW1V361IHI8FF58TT6D7W"
498 http request GET https://registry.npmjs.org/brace-expansion
499 http 304 https://registry.npmjs.org/brace-expansion
500 verbose headers { date: 'Sun, 10 Apr 2016 16:39:57 GMT',
500 verbose headers   via: '1.1 varnish',
500 verbose headers   'cache-control': 'max-age=300',
500 verbose headers   etag: '"9MB4GW1V361IHI8FF58TT6D7W"',
500 verbose headers   age: '258',
500 verbose headers   connection: 'keep-alive',
500 verbose headers   'x-served-by': 'cache-atl6223-ATL',
500 verbose headers   'x-cache': 'HIT',
500 verbose headers   'x-cache-hits': '7',
500 verbose headers   'x-timer': 'S1460306397.234437,VS0,VE0',
500 verbose headers   vary: 'Accept-Encoding' }
501 silly get cb [ 304,
501 silly get   { date: 'Sun, 10 Apr 2016 16:39:57 GMT',
501 silly get     via: '1.1 varnish',
501 silly get     'cache-control': 'max-age=300',
501 silly get     etag: '"9MB4GW1V361IHI8FF58TT6D7W"',
501 silly get     age: '258',
501 silly get     connection: 'keep-alive',
501 silly get     'x-served-by': 'cache-atl6223-ATL',
501 silly get     'x-cache': 'HIT',
501 silly get     'x-cache-hits': '7',
501 silly get     'x-timer': 'S1460306397.234437,VS0,VE0',
501 silly get     vary: 'Accept-Encoding' } ]
502 verbose etag https://registry.npmjs.org/brace-expansion from cache
503 verbose get saving brace-expansion to /Users/Lauren/.npm/registry.npmjs.org/brace-expansion/.cache.json
504 verbose correctMkdir /Users/Lauren/.npm correctMkdir not in flight; initializing
505 silly resolveWithNewModule brace-expansion@1.1.3 checking installable status
506 silly cache add args [ 'brace-expansion@^1.0.0', null ]
507 verbose cache add spec brace-expansion@^1.0.0
508 silly cache add parsed spec { raw: 'brace-expansion@^1.0.0',
508 silly cache add   scope: null,
508 silly cache add   name: 'brace-expansion',
508 silly cache add   rawSpec: '^1.0.0',
508 silly cache add   spec: '>=1.0.0 <2.0.0',
508 silly cache add   type: 'range' }
509 silly addNamed brace-expansion@>=1.0.0 <2.0.0
510 verbose addNamed ">=1.0.0 <2.0.0" is a valid semver range for brace-expansion
511 silly addNameRange { name: 'brace-expansion',
511 silly addNameRange   range: '>=1.0.0 <2.0.0',
511 silly addNameRange   hasData: false }
512 silly mapToRegistry name brace-expansion
513 silly mapToRegistry using default registry
514 silly mapToRegistry registry https://registry.npmjs.org/
515 silly mapToRegistry data { raw: 'brace-expansion',
515 silly mapToRegistry   scope: null,
515 silly mapToRegistry   name: 'brace-expansion',
515 silly mapToRegistry   rawSpec: '',
515 silly mapToRegistry   spec: 'latest',
515 silly mapToRegistry   type: 'tag' }
516 silly mapToRegistry uri https://registry.npmjs.org/brace-expansion
517 verbose addNameRange registry:https://registry.npmjs.org/brace-expansion not in flight; fetching
518 verbose get https://registry.npmjs.org/brace-expansion not expired, no request
519 silly addNameRange number 2 { name: 'brace-expansion',
519 silly addNameRange   range: '>=1.0.0 <2.0.0',
519 silly addNameRange   hasData: true }
520 silly addNameRange versions [ 'brace-expansion',
520 silly addNameRange   [ '0.0.0', '1.0.0', '1.0.1', '1.1.0', '1.1.1', '1.1.2', '1.1.3' ] ]
521 silly addNamed brace-expansion@1.1.3
522 verbose addNamed "1.1.3" is a plain semver version for brace-expansion
523 silly cache afterAdd brace-expansion@1.1.3
524 verbose afterAdd /Users/Lauren/.npm/brace-expansion/1.1.3/package/package.json not in flight; writing
525 verbose correctMkdir /Users/Lauren/.npm correctMkdir not in flight; initializing
526 verbose afterAdd /Users/Lauren/.npm/brace-expansion/1.1.3/package/package.json written
527 silly fetchNamedPackageData balanced-match
528 silly mapToRegistry name balanced-match
529 silly mapToRegistry using default registry
530 silly mapToRegistry registry https://registry.npmjs.org/
531 silly mapToRegistry data { raw: 'balanced-match',
531 silly mapToRegistry   scope: null,
531 silly mapToRegistry   name: 'balanced-match',
531 silly mapToRegistry   rawSpec: '',
531 silly mapToRegistry   spec: 'latest',
531 silly mapToRegistry   type: 'tag' }
532 silly mapToRegistry uri https://registry.npmjs.org/balanced-match
533 silly fetchNamedPackageData concat-map
534 silly mapToRegistry name concat-map
535 silly mapToRegistry using default registry
536 silly mapToRegistry registry https://registry.npmjs.org/
537 silly mapToRegistry data { raw: 'concat-map',
537 silly mapToRegistry   scope: null,
537 silly mapToRegistry   name: 'concat-map',
537 silly mapToRegistry   rawSpec: '',
537 silly mapToRegistry   spec: 'latest',
537 silly mapToRegistry   type: 'tag' }
538 silly mapToRegistry uri https://registry.npmjs.org/concat-map
539 verbose request uri https://registry.npmjs.org/balanced-match
540 verbose request no auth needed
541 info attempt registry request try #1 at 12:39:57
542 verbose etag "2UCIXDVPHPVG0UBO9EWI4V9XC"
543 http request GET https://registry.npmjs.org/balanced-match
544 verbose request uri https://registry.npmjs.org/concat-map
545 verbose request no auth needed
546 info attempt registry request try #1 at 12:39:57
547 verbose etag "66LI2B4AH1989LYDFSL4P944A"
548 http request GET https://registry.npmjs.org/concat-map
549 http 304 https://registry.npmjs.org/balanced-match
550 verbose headers { date: 'Sun, 10 Apr 2016 16:39:57 GMT',
550 verbose headers   via: '1.1 varnish',
550 verbose headers   'cache-control': 'max-age=300',
550 verbose headers   etag: '"2UCIXDVPHPVG0UBO9EWI4V9XC"',
550 verbose headers   age: '101',
550 verbose headers   connection: 'keep-alive',
550 verbose headers   'x-served-by': 'cache-atl6238-ATL',
550 verbose headers   'x-cache': 'HIT',
550 verbose headers   'x-cache-hits': '3',
550 verbose headers   'x-timer': 'S1460306397.495640,VS0,VE0',
550 verbose headers   vary: 'Accept-Encoding' }
551 silly get cb [ 304,
551 silly get   { date: 'Sun, 10 Apr 2016 16:39:57 GMT',
551 silly get     via: '1.1 varnish',
551 silly get     'cache-control': 'max-age=300',
551 silly get     etag: '"2UCIXDVPHPVG0UBO9EWI4V9XC"',
551 silly get     age: '101',
551 silly get     connection: 'keep-alive',
551 silly get     'x-served-by': 'cache-atl6238-ATL',
551 silly get     'x-cache': 'HIT',
551 silly get     'x-cache-hits': '3',
551 silly get     'x-timer': 'S1460306397.495640,VS0,VE0',
551 silly get     vary: 'Accept-Encoding' } ]
552 verbose etag https://registry.npmjs.org/balanced-match from cache
553 verbose get saving balanced-match to /Users/Lauren/.npm/registry.npmjs.org/balanced-match/.cache.json
554 verbose correctMkdir /Users/Lauren/.npm correctMkdir not in flight; initializing
555 silly resolveWithNewModule balanced-match@0.3.0 checking installable status
556 silly cache add args [ 'balanced-match@^0.3.0', null ]
557 verbose cache add spec balanced-match@^0.3.0
558 silly cache add parsed spec { raw: 'balanced-match@^0.3.0',
558 silly cache add   scope: null,
558 silly cache add   name: 'balanced-match',
558 silly cache add   rawSpec: '^0.3.0',
558 silly cache add   spec: '>=0.3.0 <0.4.0',
558 silly cache add   type: 'range' }
559 silly addNamed balanced-match@>=0.3.0 <0.4.0
560 verbose addNamed ">=0.3.0 <0.4.0" is a valid semver range for balanced-match
561 silly addNameRange { name: 'balanced-match',
561 silly addNameRange   range: '>=0.3.0 <0.4.0',
561 silly addNameRange   hasData: false }
562 silly mapToRegistry name balanced-match
563 silly mapToRegistry using default registry
564 silly mapToRegistry registry https://registry.npmjs.org/
565 silly mapToRegistry data { raw: 'balanced-match',
565 silly mapToRegistry   scope: null,
565 silly mapToRegistry   name: 'balanced-match',
565 silly mapToRegistry   rawSpec: '',
565 silly mapToRegistry   spec: 'latest',
565 silly mapToRegistry   type: 'tag' }
566 silly mapToRegistry uri https://registry.npmjs.org/balanced-match
567 verbose addNameRange registry:https://registry.npmjs.org/balanced-match not in flight; fetching
568 verbose get https://registry.npmjs.org/balanced-match not expired, no request
569 silly addNameRange number 2 { name: 'balanced-match',
569 silly addNameRange   range: '>=0.3.0 <0.4.0',
569 silly addNameRange   hasData: true }
570 silly addNameRange versions [ 'balanced-match',
570 silly addNameRange   [ '0.0.0', '0.0.1', '0.1.0', '0.2.0', '0.2.1', '0.3.0', '0.4.0' ] ]
571 silly addNamed balanced-match@0.3.0
572 verbose addNamed "0.3.0" is a plain semver version for balanced-match
573 silly cache afterAdd balanced-match@0.3.0
574 verbose afterAdd /Users/Lauren/.npm/balanced-match/0.3.0/package/package.json not in flight; writing
575 verbose correctMkdir /Users/Lauren/.npm correctMkdir not in flight; initializing
576 verbose afterAdd /Users/Lauren/.npm/balanced-match/0.3.0/package/package.json written
577 http 304 https://registry.npmjs.org/concat-map
578 verbose headers { date: 'Sun, 10 Apr 2016 16:39:57 GMT',
578 verbose headers   via: '1.1 varnish',
578 verbose headers   'cache-control': 'max-age=300',
578 verbose headers   etag: '"66LI2B4AH1989LYDFSL4P944A"',
578 verbose headers   age: '147',
578 verbose headers   connection: 'keep-alive',
578 verbose headers   'x-served-by': 'cache-atl6241-ATL',
578 verbose headers   'x-cache': 'HIT',
578 verbose headers   'x-cache-hits': '4',
578 verbose headers   'x-timer': 'S1460306397.530078,VS0,VE0',
578 verbose headers   vary: 'Accept-Encoding' }
579 silly get cb [ 304,
579 silly get   { date: 'Sun, 10 Apr 2016 16:39:57 GMT',
579 silly get     via: '1.1 varnish',
579 silly get     'cache-control': 'max-age=300',
579 silly get     etag: '"66LI2B4AH1989LYDFSL4P944A"',
579 silly get     age: '147',
579 silly get     connection: 'keep-alive',
579 silly get     'x-served-by': 'cache-atl6241-ATL',
579 silly get     'x-cache': 'HIT',
579 silly get     'x-cache-hits': '4',
579 silly get     'x-timer': 'S1460306397.530078,VS0,VE0',
579 silly get     vary: 'Accept-Encoding' } ]
580 verbose etag https://registry.npmjs.org/concat-map from cache
581 verbose get saving concat-map to /Users/Lauren/.npm/registry.npmjs.org/concat-map/.cache.json
582 verbose correctMkdir /Users/Lauren/.npm correctMkdir not in flight; initializing
583 silly resolveWithNewModule concat-map@0.0.1 checking installable status
584 silly cache add args [ 'concat-map@0.0.1', null ]
585 verbose cache add spec concat-map@0.0.1
586 silly cache add parsed spec { raw: 'concat-map@0.0.1',
586 silly cache add   scope: null,
586 silly cache add   name: 'concat-map',
586 silly cache add   rawSpec: '0.0.1',
586 silly cache add   spec: '0.0.1',
586 silly cache add   type: 'version' }
587 silly addNamed concat-map@0.0.1
588 verbose addNamed "0.0.1" is a plain semver version for concat-map
589 silly mapToRegistry name concat-map
590 silly mapToRegistry using default registry
591 silly mapToRegistry registry https://registry.npmjs.org/
592 silly mapToRegistry data { raw: 'concat-map',
592 silly mapToRegistry   scope: null,
592 silly mapToRegistry   name: 'concat-map',
592 silly mapToRegistry   rawSpec: '',
592 silly mapToRegistry   spec: 'latest',
592 silly mapToRegistry   type: 'tag' }
593 silly mapToRegistry uri https://registry.npmjs.org/concat-map
594 verbose addNameVersion registry:https://registry.npmjs.org/concat-map not in flight; fetching
595 verbose get https://registry.npmjs.org/concat-map not expired, no request
596 silly cache afterAdd concat-map@0.0.1
597 verbose afterAdd /Users/Lauren/.npm/concat-map/0.0.1/package/package.json not in flight; writing
598 verbose correctMkdir /Users/Lauren/.npm correctMkdir not in flight; initializing
599 verbose afterAdd /Users/Lauren/.npm/concat-map/0.0.1/package/package.json written
600 silly fetchNamedPackageData abbrev
601 silly mapToRegistry name abbrev
602 silly mapToRegistry using default registry
603 silly mapToRegistry registry https://registry.npmjs.org/
604 silly mapToRegistry data { raw: 'abbrev',
604 silly mapToRegistry   scope: null,
604 silly mapToRegistry   name: 'abbrev',
604 silly mapToRegistry   rawSpec: '',
604 silly mapToRegistry   spec: 'latest',
604 silly mapToRegistry   type: 'tag' }
605 silly mapToRegistry uri https://registry.npmjs.org/abbrev
606 verbose request uri https://registry.npmjs.org/abbrev
607 verbose request no auth needed
608 info attempt registry request try #1 at 12:39:57
609 verbose etag "5COR5F08LNF679JR9VE4E6VZW"
610 http request GET https://registry.npmjs.org/abbrev
611 http 304 https://registry.npmjs.org/abbrev
612 verbose headers { date: 'Sun, 10 Apr 2016 16:39:57 GMT',
612 verbose headers   via: '1.1 varnish',
612 verbose headers   'cache-control': 'max-age=300',
612 verbose headers   etag: '"5COR5F08LNF679JR9VE4E6VZW"',
612 verbose headers   age: '52',
612 verbose headers   connection: 'keep-alive',
612 verbose headers   'x-served-by': 'cache-atl6236-ATL',
612 verbose headers   'x-cache': 'HIT',
612 verbose headers   'x-cache-hits': '1',
612 verbose headers   'x-timer': 'S1460306397.861084,VS0,VE0',
612 verbose headers   vary: 'Accept-Encoding' }
613 silly get cb [ 304,
613 silly get   { date: 'Sun, 10 Apr 2016 16:39:57 GMT',
613 silly get     via: '1.1 varnish',
613 silly get     'cache-control': 'max-age=300',
613 silly get     etag: '"5COR5F08LNF679JR9VE4E6VZW"',
613 silly get     age: '52',
613 silly get     connection: 'keep-alive',
613 silly get     'x-served-by': 'cache-atl6236-ATL',
613 silly get     'x-cache': 'HIT',
613 silly get     'x-cache-hits': '1',
613 silly get     'x-timer': 'S1460306397.861084,VS0,VE0',
613 silly get     vary: 'Accept-Encoding' } ]
614 verbose etag https://registry.npmjs.org/abbrev from cache
615 verbose get saving abbrev to /Users/Lauren/.npm/registry.npmjs.org/abbrev/.cache.json
616 verbose correctMkdir /Users/Lauren/.npm correctMkdir not in flight; initializing
617 silly resolveWithNewModule abbrev@1.0.7 checking installable status
618 silly cache add args [ 'abbrev@1', null ]
619 verbose cache add spec abbrev@1
620 silly cache add parsed spec { raw: 'abbrev@1',
620 silly cache add   scope: null,
620 silly cache add   name: 'abbrev',
620 silly cache add   rawSpec: '1',
620 silly cache add   spec: '>=1.0.0 <2.0.0',
620 silly cache add   type: 'range' }
621 silly addNamed abbrev@>=1.0.0 <2.0.0
622 verbose addNamed ">=1.0.0 <2.0.0" is a valid semver range for abbrev
623 silly addNameRange { name: 'abbrev', range: '>=1.0.0 <2.0.0', hasData: false }
624 silly mapToRegistry name abbrev
625 silly mapToRegistry using default registry
626 silly mapToRegistry registry https://registry.npmjs.org/
627 silly mapToRegistry data { raw: 'abbrev',
627 silly mapToRegistry   scope: null,
627 silly mapToRegistry   name: 'abbrev',
627 silly mapToRegistry   rawSpec: '',
627 silly mapToRegistry   spec: 'latest',
627 silly mapToRegistry   type: 'tag' }
628 silly mapToRegistry uri https://registry.npmjs.org/abbrev
629 verbose addNameRange registry:https://registry.npmjs.org/abbrev not in flight; fetching
630 verbose get https://registry.npmjs.org/abbrev not expired, no request
631 silly addNameRange number 2 { name: 'abbrev', range: '>=1.0.0 <2.0.0', hasData: true }
632 silly addNameRange versions [ 'abbrev', [ '1.0.3', '1.0.4', '1.0.5', '1.0.6', '1.0.7' ] ]
633 silly addNamed abbrev@1.0.7
634 verbose addNamed "1.0.7" is a plain semver version for abbrev
635 silly cache afterAdd abbrev@1.0.7
636 verbose afterAdd /Users/Lauren/.npm/abbrev/1.0.7/package/package.json not in flight; writing
637 verbose correctMkdir /Users/Lauren/.npm correctMkdir not in flight; initializing
638 verbose afterAdd /Users/Lauren/.npm/abbrev/1.0.7/package/package.json written
639 silly loadAllDepsIntoIdealTree Finishing
640 silly idealTree:prePrune lib
640 silly idealTree:prePrune  grunt-cli@1.2.0
640 silly idealTree:prePrune    abbrev@1.0.7
640 silly idealTree:prePrune    balanced-match@0.3.0
640 silly idealTree:prePrune    brace-expansion@1.1.3
640 silly idealTree:prePrune    concat-map@0.0.1
640 silly idealTree:prePrune    findup-sync@0.3.0
640 silly idealTree:prePrune    glob@5.0.15
640 silly idealTree:prePrune    grunt-known-options@1.1.0
640 silly idealTree:prePrune    inflight@1.0.4
640 silly idealTree:prePrune    inherits@2.0.1
640 silly idealTree:prePrune    minimatch@3.0.0
640 silly idealTree:prePrune    nopt@3.0.6
640 silly idealTree:prePrune    once@1.3.3
640 silly idealTree:prePrune    path-is-absolute@1.0.0
640 silly idealTree:prePrune    resolve@1.1.7
640 silly idealTree:prePrune    wrappy@1.0.1
641 silly loadIdealTree Finishing
642 silly currentTree lib
642 silly currentTree  grunt-cli@1.2.0
642 silly currentTree    abbrev@1.0.7
642 silly currentTree    balanced-match@0.3.0
642 silly currentTree    brace-expansion@1.1.3
642 silly currentTree    concat-map@0.0.1
642 silly currentTree    findup-sync@0.3.0
642 silly currentTree    glob@5.0.15
642 silly currentTree    grunt-known-options@1.1.0
642 silly currentTree    inflight@1.0.4
642 silly currentTree    inherits@2.0.1
642 silly currentTree    minimatch@3.0.0
642 silly currentTree    nopt@3.0.6
642 silly currentTree    once@1.3.3
642 silly currentTree    path-is-absolute@1.0.0
642 silly currentTree    resolve@1.1.7
642 silly currentTree    wrappy@1.0.1
643 silly idealTree lib
643 silly idealTree  grunt-cli@1.2.0
643 silly idealTree    abbrev@1.0.7
643 silly idealTree    balanced-match@0.3.0
643 silly idealTree    brace-expansion@1.1.3
643 silly idealTree    concat-map@0.0.1
643 silly idealTree    findup-sync@0.3.0
643 silly idealTree    glob@5.0.15
643 silly idealTree    grunt-known-options@1.1.0
643 silly idealTree    inflight@1.0.4
643 silly idealTree    inherits@2.0.1
643 silly idealTree    minimatch@3.0.0
643 silly idealTree    nopt@3.0.6
643 silly idealTree    once@1.3.3
643 silly idealTree    path-is-absolute@1.0.0
643 silly idealTree    resolve@1.1.7
643 silly idealTree    wrappy@1.0.1
644 silly generateActionsToTake Starting
645 silly install generateActionsToTake
646 warn checkPermissions Missing write access to /Users/Lauren/.nvm/v0.10.31/lib/node_modules/grunt-cli
647 silly rollbackFailedOptional Starting
648 silly rollbackFailedOptional Finishing
649 silly runTopLevelLifecycles Starting
650 silly runTopLevelLifecycles Finishing
651 silly install printInstalled
652 verbose stack Error: EACCES, access '/Users/Lauren/.nvm/v0.10.31/lib/node_modules/grunt-cli'
652 verbose stack     at module.exports (/Users/Lauren/.nvm/v0.10.31/lib/node_modules/npm/lib/install/access-error.js:4:18)
652 verbose stack     at /Users/Lauren/.nvm/v0.10.31/lib/node_modules/npm/lib/install/writable.js:30:25
652 verbose stack     at /Users/Lauren/.nvm/v0.10.31/lib/node_modules/npm/node_modules/graceful-fs/graceful-fs.js:232:16
652 verbose stack     at Object.oncomplete (fs.js:107:15)
653 verbose cwd /Users/Lauren/Projects/Designs/nyuLangoneDesign/bootstrapped/nyuBootstrapDesign/stylesheets
654 error Darwin 15.2.0
655 error argv "node" "/Users/Lauren/.nvm/v0.10.31/bin/npm" "install" "-g" "grunt-cli"
656 error node v0.10.31
657 error npm  v3.8.6
658 error path /Users/Lauren/.nvm/v0.10.31/lib/node_modules/grunt-cli
659 error code EACCES
660 error Error: EACCES, access '/Users/Lauren/.nvm/v0.10.31/lib/node_modules/grunt-cli'
660 error     at module.exports (/Users/Lauren/.nvm/v0.10.31/lib/node_modules/npm/lib/install/access-error.js:4:18)
660 error     at /Users/Lauren/.nvm/v0.10.31/lib/node_modules/npm/lib/install/writable.js:30:25
660 error     at /Users/Lauren/.nvm/v0.10.31/lib/node_modules/npm/node_modules/graceful-fs/graceful-fs.js:232:16
660 error     at Object.oncomplete (fs.js:107:15)
660 error  { [Error: EACCES, access '/Users/Lauren/.nvm/v0.10.31/lib/node_modules/grunt-cli']
660 error   code: 'EACCES',
660 error   path: '/Users/Lauren/.nvm/v0.10.31/lib/node_modules/grunt-cli' }
661 error Please try running this command again as root/Administrator.
662 verbose exit [ 1, true ]
